  myProject.cpp
  Ride.cpp
c:\program files (x86)\microsoft visual studio 14.0\vc\include\forward_list(1291): error C2678: 이항 '==': 왼쪽 피연산자로 'Ride' 형식을 사용하는 연산자가 없거나 허용되는 변환이 없습니다.
  c:\program files (x86)\microsoft visual studio 14.0\vc\include\system_error(389): note: 'bool std::operator ==(const std::error_condition &,const std::error_condition &) noexcept'일 수 있습니다.
  c:\program files (x86)\microsoft visual studio 14.0\vc\include\system_error(381): note: 또는       'bool std::operator ==(const std::error_condition &,const std::error_code &) noexcept'
  c:\program files (x86)\microsoft visual studio 14.0\vc\include\system_error(373): note: 또는       'bool std::operator ==(const std::error_code &,const std::error_condition &) noexcept'
  c:\program files (x86)\microsoft visual studio 14.0\vc\include\system_error(365): note: 또는       'bool std::operator ==(const std::error_code &,const std::error_code &) noexcept'
  c:\program files (x86)\microsoft visual studio 14.0\vc\include\exception(339): note: 또는       'bool std::operator ==(const std::exception_ptr &,std::nullptr_t) throw()'
  c:\program files (x86)\microsoft visual studio 14.0\vc\include\exception(334): note: 또는       'bool std::operator ==(std::nullptr_t,const std::exception_ptr &) throw()'
  c:\program files (x86)\microsoft visual studio 14.0\vc\include\exception(329): note: 또는       'bool std::operator ==(const std::exception_ptr &,const std::exception_ptr &) throw()'
  c:\program files (x86)\windows kits\8.1\include\shared\guiddef.h(192): note: 또는       'bool operator ==(const GUID &,const GUID &)'[인수 종속성을 조회하여 발견]
  c:\program files (x86)\microsoft visual studio 14.0\vc\include\forward_list(1291): note: 인수 목록 '(Ride, const Ride)'을(를) 일치시키는 동안
  c:\program files (x86)\microsoft visual studio 14.0\vc\include\forward_list(1286): note: 클래스 템플릿 멤버 함수 'void std::forward_list<Ride,std::allocator<_Ty>>::remove(const _Ty &)'을(를) 컴파일하고 있습니다.
          with
          [
              _Ty=Ride
          ]
  c:\users\senno\documents\visual studio 2015\projects\myproject\myproject\ride.cpp(128): note: 컴파일 중인 함수 템플릿 인스턴스화 'void std::forward_list<Ride,std::allocator<_Ty>>::remove(const _Ty &)'에 대한 참조를 확인하십시오.
          with
          [
              _Ty=Ride
          ]
  c:\users\senno\documents\visual studio 2015\projects\myproject\myproject\player.h(19): note: 컴파일 중인 클래스 템플릿 인스턴스화 'std::forward_list<Ride,std::allocator<_Ty>>'에 대한 참조를 확인하십시오.
          with
          [
              _Ty=Ride
          ]
  Player.cpp
  코드를 생성하고 있습니다...
